[debug] [2021-04-29T09:37:54.099Z] ----------------------------------------------------------------------
[debug] [2021-04-29T09:37:54.101Z] Command:       /usr/local/lib/node_modules/node/lib/node_modules/node/bin/node /usr/local/bin/firebase init functions
[debug] [2021-04-29T09:37:54.102Z] CLI Version:   7.15.1
[debug] [2021-04-29T09:37:54.102Z] Platform:      darwin
[debug] [2021-04-29T09:37:54.102Z] Node Version:  v10.15.3
[debug] [2021-04-29T09:37:54.103Z] Time:          Thu Apr 29 2021 11:37:54 GMT+0200 (Central European Summer Time)
[debug] [2021-04-29T09:37:54.103Z] ----------------------------------------------------------------------
[debug] [2021-04-29T09:37:54.103Z] 
[debug] [2021-04-29T09:37:54.119Z] > command requires scopes: ["email","openid","https://www.googleapis.com/auth/cloudplatformprojects.readonly","https://www.googleapis.com/auth/firebase","https://www.googleapis.com/auth/cloud-platform"]
[debug] [2021-04-29T09:37:54.120Z] > authorizing via signed-in user
[info] 
     ######## #### ########  ######## ########     ###     ######  ########
     ##        ##  ##     ## ##       ##     ##  ##   ##  ##       ##
     ######    ##  ########  ######   ########  #########  ######  ######
     ##        ##  ##    ##  ##       ##     ## ##     ##       ## ##
     ##       #### ##     ## ######## ########  ##     ##  ######  ########

You're about to initialize a Firebase project in this directory:

  /Users/pedronietosanchez/Desktop/tienda-bolsos-25apr/tienda-bolsos/tienda-bolsos2

Before we get started, keep in mind:

  * You are initializing in an existing Firebase project directory

[info] 
=== Project Setup
[info] 
[info] First, let's associate this project directory with a Firebase project.
[info] You can create multiple project aliases by running firebase use --add, 
[info] but for now we'll just set up a default project.
[info] 
[info] i  .firebaserc already has a default project, using tienda-bolsos-58fb2.
[debug] [2021-04-29T09:37:54.128Z] >>> HTTP REQUEST GET https://firebase.googleapis.com/v1beta1/projects/tienda-bolsos-58fb2  
 
[debug] [2021-04-29T09:37:54.856Z] <<< HTTP RESPONSE 403
[debug] [2021-04-29T09:37:54.857Z] <<< HTTP RESPONSE BODY
[debug] [2021-04-29T09:37:54.859Z] HTTP Error: 403, The caller does not have permission
[debug] [2021-04-29T09:37:55.066Z] FirebaseError: HTTP Error: 403, The caller does not have permission
    at module.exports (/usr/local/lib/node_modules/firebase-tools/lib/responseToError.js:38:12)
    at Request._callback (/usr/local/lib/node_modules/firebase-tools/lib/api.js:39:35)
    at Request.self.callback (/usr/local/lib/node_modules/firebase-tools/node_modules/request/request.js:185:22)
    at Request.emit (events.js:189:13)
    at Request.EventEmitter.emit (domain.js:441:20)
    at Request.<anonymous> (/usr/local/lib/node_modules/firebase-tools/node_modules/request/request.js:1154:10)
    at Request.emit (events.js:189:13)
    at Request.EventEmitter.emit (domain.js:441:20)
    at IncomingMessage.<anonymous> (/usr/local/lib/node_modules/firebase-tools/node_modules/request/request.js:1076:12)
    at Object.onceWrapper (events.js:277:13)
    at IncomingMessage.emit (events.js:194:15)
    at IncomingMessage.EventEmitter.emit (domain.js:441:20)
    at endReadableNT (_stream_readable.js:1125:12)
    at process._tickCallback (internal/process/next_tick.js:63:19)
[error] 
[error] Error: Failed to get Firebase project tienda-bolsos-58fb2. Please make sure the project exists and your account has permission to access it.
